"Start of log file."
"E:/Unity/ALEXAN~3/27.11/ALEXAN~1/Assets/GREEKC~2/GREEKC~1.MAX"
"Starting max loading and fbx conversion"
window = undefined
"Settings units"
"Before fbx export"
"After fbx export"
"Finished max loading and fbx conversion"
"E:/Unity/ALEXAN~3/27.11/ALEXAN~1/Assets/KeyHole/KEYHOL~1.MAX"
"Starting max loading and fbx conversion"
window = undefined
"Settings units"
"Before fbx export"
"After fbx export"
"Finished max loading and fbx conversion"
"E:/Unity/ALEXAN~3/27.11/ALEXAN~1/Assets/WOODPL~1/WOODPL~1.MAX"
"Starting max loading and fbx conversion"
window = undefined
"Settings units"
"Before fbx export"
"After fbx export"
"Finished max loading and fbx conversion"
"E:/Unity/ALEXAN~3/27.11/ALEXAN~1/Assets/GREEKC~1/GREEKC~1.MAX"
"Starting max loading and fbx conversion"
window = undefined
"Settings units"
"Before fbx export"
"After fbx export"
"Finished max loading and fbx conversion"
